<?xml version="1.0" encoding="UTF-8"?>
<testng-results ignored="0" total="18" passed="17" failed="1" skipped="0">
  <reporter-output>
  </reporter-output>
  <suite started-at="2024-06-01T13:38:32 IST" name="Suite" finished-at="2024-06-01T13:38:32 IST" duration-ms="795">
    <groups>
      <group name="ScientificCalculator">
        <method signature="AppTest.cosTest()[pri:0, instance:testngPackage.AppTest@1d7f7be7]" name="cosTest" class="testngPackage.AppTest"/>
        <method signature="AppTest.powerTest()[pri:0, instance:testngPackage.AppTest@1d7f7be7]" name="powerTest" class="testngPackage.AppTest"/>
        <method signature="AppTest.sinTest()[pri:0, instance:testngPackage.AppTest@1d7f7be7]" name="sinTest" class="testngPackage.AppTest"/>
        <method signature="AppTest.squareRootTest()[pri:0, instance:testngPackage.AppTest@1d7f7be7]" name="squareRootTest" class="testngPackage.AppTest"/>
        <method signature="AppTest.tangetTest()[pri:0, instance:testngPackage.AppTest@1d7f7be7]" name="tangetTest" class="testngPackage.AppTest"/>
      </group> <!-- ScientificCalculator -->
      <group name="StandardCalculator">
        <method signature="AppTest.isPositiveTest()[pri:0, instance:testngPackage.AppTest@1d7f7be7]" name="isPositiveTest" class="testngPackage.AppTest"/>
        <method signature="AppTest.powerTest()[pri:0, instance:testngPackage.AppTest@1d7f7be7]" name="powerTest" class="testngPackage.AppTest"/>
        <method signature="AppTest.squareRootTest()[pri:0, instance:testngPackage.AppTest@1d7f7be7]" name="squareRootTest" class="testngPackage.AppTest"/>
        <method signature="AppTest.subtractionTest()[pri:0, instance:testngPackage.AppTest@1d7f7be7]" name="subtractionTest" class="testngPackage.AppTest"/>
      </group> <!-- StandardCalculator -->
    </groups>
    <test started-at="2024-06-01T13:38:32 IST" name="Test" finished-at="2024-06-01T13:38:32 IST" duration-ms="795">
      <class name="testngPackage.AppTest">
        <test-method is-config="true" signature="beforeTest()[pri:0, instance:testngPackage.AppTest@1d7f7be7]" started-at="2024-06-01T13:38:32 IST" name="beforeTest" finished-at="2024-06-01T13:38:32 IST" duration-ms="111" status="PASS">
          <reporter-output>
          </reporter-output>
        </test-method> <!-- beforeTest -->
        <test-method signature="cosTest()[pri:0, instance:testngPackage.AppTest@1d7f7be7]" started-at="2024-06-01T13:38:32 IST" name="cosTest" finished-at="2024-06-01T13:38:32 IST" duration-ms="15" status="PASS">
          <reporter-output>
          </reporter-output>
        </test-method> <!-- cosTest -->
        <test-method signature="additionTest(java.lang.String,java.lang.String,java.lang.String)[pri:0, instance:testngPackage.AppTest@1d7f7be7]" started-at="2024-06-01T13:38:32 IST" name="additionTest" data-provider="excelDataProvider" finished-at="2024-06-01T13:38:32 IST" duration-ms="2" status="PASS">
          <params>
            <param index="0">
              <value>
                <![CDATA[10.0]]>
              </value>
            </param>
            <param index="1">
              <value>
                <![CDATA[20.0]]>
              </value>
            </param>
            <param index="2">
              <value>
                <![CDATA[30.0]]>
              </value>
            </param>
          </params>
          <reporter-output>
          </reporter-output>
        </test-method> <!-- additionTest -->
        <test-method signature="divisionTest(java.lang.String,java.lang.String,java.lang.String)[pri:0, instance:testngPackage.AppTest@1d7f7be7]" started-at="2024-06-01T13:38:32 IST" name="divisionTest" data-provider="excelDataProvider" finished-at="2024-06-01T13:38:32 IST" duration-ms="1" status="PASS">
          <params>
            <param index="0">
              <value>
                <![CDATA[100.0]]>
              </value>
            </param>
            <param index="1">
              <value>
                <![CDATA[-10.0]]>
              </value>
            </param>
            <param index="2">
              <value>
                <![CDATA[-90.0]]>
              </value>
            </param>
          </params>
          <reporter-output>
          </reporter-output>
        </test-method> <!-- divisionTest -->
        <test-method signature="additionTest(java.lang.String,java.lang.String,java.lang.String)[pri:0, instance:testngPackage.AppTest@1d7f7be7]" started-at="2024-06-01T13:38:32 IST" name="additionTest" data-provider="excelDataProvider" finished-at="2024-06-01T13:38:32 IST" duration-ms="1" status="PASS">
          <params>
            <param index="0">
              <value>
                <![CDATA[100.0]]>
              </value>
            </param>
            <param index="1">
              <value>
                <![CDATA[-500.0]]>
              </value>
            </param>
            <param index="2">
              <value>
                <![CDATA[-400.0]]>
              </value>
            </param>
          </params>
          <reporter-output>
          </reporter-output>
        </test-method> <!-- additionTest -->
        <test-method signature="divisionTest(java.lang.String,java.lang.String,java.lang.String)[pri:0, instance:testngPackage.AppTest@1d7f7be7]" started-at="2024-06-01T13:38:32 IST" name="divisionTest" data-provider="excelDataProvider" finished-at="2024-06-01T13:38:32 IST" duration-ms="1" status="PASS">
          <params>
            <param index="0">
              <value>
                <![CDATA[-25.0]]>
              </value>
            </param>
            <param index="1">
              <value>
                <![CDATA[-5.0]]>
              </value>
            </param>
            <param index="2">
              <value>
                <![CDATA[5.0]]>
              </value>
            </param>
          </params>
          <reporter-output>
          </reporter-output>
        </test-method> <!-- divisionTest -->
        <test-method signature="divisionTest(java.lang.String,java.lang.String,java.lang.String)[pri:0, instance:testngPackage.AppTest@1d7f7be7]" started-at="2024-06-01T13:38:32 IST" name="divisionTest" data-provider="excelDataProvider" finished-at="2024-06-01T13:38:32 IST" duration-ms="2" status="PASS">
          <params>
            <param index="0">
              <value>
                <![CDATA[10.0]]>
              </value>
            </param>
            <param index="1">
              <value>
                <![CDATA[0.0]]>
              </value>
            </param>
            <param index="2">
              <value>
                <![CDATA[Infinity]]>
              </value>
            </param>
          </params>
          <reporter-output>
          </reporter-output>
        </test-method> <!-- divisionTest -->
        <test-method signature="additionTest(java.lang.String,java.lang.String,java.lang.String)[pri:0, instance:testngPackage.AppTest@1d7f7be7]" started-at="2024-06-01T13:38:32 IST" name="additionTest" data-provider="excelDataProvider" finished-at="2024-06-01T13:38:32 IST" duration-ms="1" status="PASS">
          <params>
            <param index="0">
              <value>
                <![CDATA[345.0]]>
              </value>
            </param>
            <param index="1">
              <value>
                <![CDATA[875.0]]>
              </value>
            </param>
            <param index="2">
              <value>
                <![CDATA[1220.0]]>
              </value>
            </param>
          </params>
          <reporter-output>
          </reporter-output>
        </test-method> <!-- additionTest -->
        <test-method signature="divisionTest(java.lang.String,java.lang.String,java.lang.String)[pri:0, instance:testngPackage.AppTest@1d7f7be7]" started-at="2024-06-01T13:38:32 IST" name="divisionTest" data-provider="excelDataProvider" finished-at="2024-06-01T13:38:32 IST" duration-ms="2" status="PASS">
          <params>
            <param index="0">
              <value>
                <![CDATA[0.0]]>
              </value>
            </param>
            <param index="1">
              <value>
                <![CDATA[0.0]]>
              </value>
            </param>
            <param index="2">
              <value>
                <![CDATA[1.0]]>
              </value>
            </param>
          </params>
          <reporter-output>
          </reporter-output>
        </test-method> <!-- divisionTest -->
        <test-method signature="additionTest(java.lang.String,java.lang.String,java.lang.String)[pri:0, instance:testngPackage.AppTest@1d7f7be7]" started-at="2024-06-01T13:38:32 IST" name="additionTest" data-provider="excelDataProvider" finished-at="2024-06-01T13:38:32 IST" duration-ms="2" status="PASS">
          <params>
            <param index="0">
              <value>
                <![CDATA[-1234567.0]]>
              </value>
            </param>
            <param index="1">
              <value>
                <![CDATA[456.0]]>
              </value>
            </param>
            <param index="2">
              <value>
                <![CDATA[-1234111.0]]>
              </value>
            </param>
          </params>
          <reporter-output>
          </reporter-output>
        </test-method> <!-- additionTest -->
        <test-method signature="additionTest(java.lang.String,java.lang.String,java.lang.String)[pri:0, instance:testngPackage.AppTest@1d7f7be7]" started-at="2024-06-01T13:38:32 IST" name="additionTest" data-provider="excelDataProvider" finished-at="2024-06-01T13:38:32 IST" duration-ms="1" status="PASS">
          <params>
            <param index="0">
              <value>
                <![CDATA[-123.0]]>
              </value>
            </param>
            <param index="1">
              <value>
                <![CDATA[-99999.0]]>
              </value>
            </param>
            <param index="2">
              <value>
                <![CDATA[-100122.0]]>
              </value>
            </param>
          </params>
          <reporter-output>
          </reporter-output>
        </test-method> <!-- additionTest -->
        <test-method signature="isPositiveTest()[pri:0, instance:testngPackage.AppTest@1d7f7be7]" started-at="2024-06-01T13:38:32 IST" name="isPositiveTest" finished-at="2024-06-01T13:38:32 IST" duration-ms="1" status="PASS">
          <reporter-output>
          </reporter-output>
        </test-method> <!-- isPositiveTest -->
        <test-method signature="additionTest(java.lang.String,java.lang.String,java.lang.String)[pri:0, instance:testngPackage.AppTest@1d7f7be7]" started-at="2024-06-01T13:38:32 IST" name="additionTest" data-provider="excelDataProvider" finished-at="2024-06-01T13:38:32 IST" duration-ms="2" status="FAIL">
          <params>
            <param index="0">
              <value>
                <![CDATA[10.567]]>
              </value>
            </param>
            <param index="1">
              <value>
                <![CDATA[-123.0]]>
              </value>
            </param>
            <param index="2">
              <value>
                <![CDATA[-112.433]]>
              </value>
            </param>
          </params>
          <exception class="java.lang.AssertionError">
            <message>
              <![CDATA[Addition Result is not as Expected expected [-112.43299999999999] but found [-112.433]]]>
            </message>
            <full-stacktrace>
              <![CDATA[java.lang.AssertionError: Addition Result is not as Expected expected [-112.43299999999999] but found [-112.433]
at org.testng.Assert.fail(Assert.java:111)
at org.testng.Assert.failNotEquals(Assert.java:1578)
at org.testng.Assert.assertEquals(Assert.java:728)
at testngPackage.AppTest.additionTest(AppTest.java:30)
at java.base/jdk.internal.reflect.NativeMethodAccessorImpl.invoke0(Native Method)
at java.base/jdk.internal.reflect.NativeMethodAccessorImpl.invoke(NativeMethodAccessorImpl.java:77)
at java.base/jdk.internal.reflect.DelegatingMethodAccessorImpl.invoke(DelegatingMethodAccessorImpl.java:43)
at java.base/java.lang.reflect.Method.invoke(Method.java:568)
at org.testng.internal.invokers.MethodInvocationHelper.invokeMethod(MethodInvocationHelper.java:141)
at org.testng.internal.invokers.TestInvoker.invokeMethod(TestInvoker.java:686)
at org.testng.internal.invokers.TestInvoker.invokeTestMethod(TestInvoker.java:230)
at org.testng.internal.invokers.MethodRunner.runInSequence(MethodRunner.java:63)
at org.testng.internal.invokers.TestInvoker$MethodInvocationAgent.invoke(TestInvoker.java:992)
at org.testng.internal.invokers.TestInvoker.invokeTestMethods(TestInvoker.java:203)
at org.testng.internal.invokers.TestMethodWorker.invokeTestMethods(TestMethodWorker.java:154)
at org.testng.internal.invokers.TestMethodWorker.run(TestMethodWorker.java:134)
at java.base/java.util.concurrent.Executors$RunnableAdapter.call(Executors.java:539)
at java.base/java.util.concurrent.FutureTask.run(FutureTask.java:264)
at org.testng.internal.thread.graph.TestNGFutureTask.run(TestNGFutureTask.java:22)
at java.base/java.util.concurrent.ThreadPoolExecutor.runWorker(ThreadPoolExecutor.java:1136)
at java.base/java.util.concurrent.ThreadPoolExecutor$Worker.run(ThreadPoolExecutor.java:635)
at java.base/java.lang.Thread.run(Thread.java:840)
]]>
            </full-stacktrace>
          </exception> <!-- java.lang.AssertionError -->
          <reporter-output>
          </reporter-output>
        </test-method> <!-- additionTest -->
        <test-method signature="powerTest()[pri:0, instance:testngPackage.AppTest@1d7f7be7]" started-at="2024-06-01T13:38:32 IST" name="powerTest" finished-at="2024-06-01T13:38:32 IST" duration-ms="2" status="PASS">
          <reporter-output>
          </reporter-output>
        </test-method> <!-- powerTest -->
        <test-method signature="sinTest()[pri:0, instance:testngPackage.AppTest@1d7f7be7]" started-at="2024-06-01T13:38:32 IST" name="sinTest" finished-at="2024-06-01T13:38:32 IST" duration-ms="1" status="PASS">
          <reporter-output>
          </reporter-output>
        </test-method> <!-- sinTest -->
        <test-method signature="squareRootTest()[pri:0, instance:testngPackage.AppTest@1d7f7be7]" started-at="2024-06-01T13:38:32 IST" name="squareRootTest" finished-at="2024-06-01T13:38:32 IST" duration-ms="1" status="PASS">
          <reporter-output>
          </reporter-output>
        </test-method> <!-- squareRootTest -->
        <test-method signature="subtractionTest()[pri:0, instance:testngPackage.AppTest@1d7f7be7]" started-at="2024-06-01T13:38:32 IST" name="subtractionTest" finished-at="2024-06-01T13:38:32 IST" duration-ms="1" status="PASS">
          <reporter-output>
          </reporter-output>
        </test-method> <!-- subtractionTest -->
        <test-method signature="tangetTest()[pri:0, instance:testngPackage.AppTest@1d7f7be7]" started-at="2024-06-01T13:38:32 IST" name="tangetTest" finished-at="2024-06-01T13:38:32 IST" duration-ms="1" status="PASS">
          <reporter-output>
          </reporter-output>
        </test-method> <!-- tangetTest -->
        <test-method signature="isNegativeTest()[pri:0, instance:testngPackage.AppTest@1d7f7be7]" started-at="2024-06-01T13:38:32 IST" name="isNegativeTest" depends-on-groups="StandardCalculator" finished-at="2024-06-01T13:38:32 IST" duration-ms="1" status="PASS">
          <reporter-output>
          </reporter-output>
        </test-method> <!-- isNegativeTest -->
        <test-method is-config="true" signature="afterTest()[pri:0, instance:testngPackage.AppTest@1d7f7be7]" started-at="2024-06-01T13:38:32 IST" name="afterTest" finished-at="2024-06-01T13:38:32 IST" duration-ms="151" status="PASS">
          <reporter-output>
          </reporter-output>
        </test-method> <!-- afterTest -->
      </class> <!-- testngPackage.AppTest -->
    </test> <!-- Test -->
  </suite> <!-- Suite -->
</testng-results>
