<?xml version="1.0" encoding="UTF-8"?>
<!-- Generated by org.testng.reporters.JUnitXMLReporter -->
<testsuite ignored="0" hostname="EPINHYDW0EEC" failures="0" tests="3" name="Test" time="0.067" errors="0" timestamp="2024-06-06T06:09:28 IST">
  <testcase classname="hometask1.Testing" name="print" time="0.005"/>
  <testcase classname="hometask1.AppTest" name="shouldAnswerWithFalse" time="0.002"/>
  <testcase classname="hometask1.AppTest" name="shouldAnswerWithTrue" time="0.001"/>
</testsuite> <!-- Test -->
