<?xml version="1.0" encoding="UTF-8"?>
<!-- Generated by org.testng.reporters.JUnitXMLReporter -->
<testsuite ignored="9" hostname="EPINHYDW0EEC" failures="0" tests="4" name="Default test" time="0.831" errors="0" timestamp="2024-06-01T13:26:09 IST">
  <testcase classname="testngPackage.AppTest" name="divisionTest" time="0.011"/>
  <testcase classname="testngPackage.AppTest" name="divisionTest" time="0.001"/>
  <testcase classname="testngPackage.AppTest" name="divisionTest" time="0.002"/>
  <testcase classname="testngPackage.AppTest" name="divisionTest" time="0.001"/>
  <testcase classname="testngPackage.AppTest" name="subtractionTest" time="0.0">
    <ignored/>
  </testcase> <!-- subtractionTest -->
  <testcase classname="testngPackage.AppTest" name="additionTest" time="0.0">
    <ignored/>
  </testcase> <!-- additionTest -->
  <testcase classname="testngPackage.AppTest" name="squareRootTest" time="0.0">
    <ignored/>
  </testcase> <!-- squareRootTest -->
  <testcase classname="testngPackage.AppTest" name="isNegativeTest" time="0.0">
    <ignored/>
  </testcase> <!-- isNegativeTest -->
  <testcase classname="testngPackage.AppTest" name="isPositiveTest" time="0.0">
    <ignored/>
  </testcase> <!-- isPositiveTest -->
  <testcase classname="testngPackage.AppTest" name="tangetTest" time="0.0">
    <ignored/>
  </testcase> <!-- tangetTest -->
  <testcase classname="testngPackage.AppTest" name="cosTest" time="0.0">
    <ignored/>
  </testcase> <!-- cosTest -->
  <testcase classname="testngPackage.AppTest" name="powerTest" time="0.0">
    <ignored/>
  </testcase> <!-- powerTest -->
  <testcase classname="testngPackage.AppTest" name="sinTest" time="0.0">
    <ignored/>
  </testcase> <!-- sinTest -->
</testsuite> <!-- Default test -->
