<?xml version="1.0" encoding="UTF-8"?>
<!-- Generated by org.testng.reporters.JUnitXMLReporter -->
<testsuite ignored="0" hostname="EPINHYDW0EEC" failures="0" tests="3" name="Surefire test" time="0.045" errors="0" timestamp="2024-06-05T14:26:19 IST">
  <testcase classname="hometask1.AppTest" name="shouldAnswerWithFalse" time="0.006"/>
  <testcase classname="hometask1.AppTest" name="shouldAnswerWithTrue" time="0.001"/>
  <testcase classname="hometask1.Testing" name="print" time="0.001"/>
</testsuite> <!-- Surefire test -->
